<?xml version="1.0" encoding="UTF-8"?>
<testsuite xmlns:xsi="http://www.w3.org/2001/XMLSchema-instance" xsi:noNamespaceSchemaLocation="https://maven.apache.org/surefire/maven-surefire-plugin/xsd/surefire-test-report-3.0.xsd" version="3.0" name="org.openmrs.plugin.rest.analyzer.test.RepresentationAnalyzerTest" time="11.582" tests="1" errors="0" skipped="0" failures="0">
  <properties>
    <property name="sun.desktop" value="windows"/>
    <property name="awt.toolkit" value="sun.awt.windows.WToolkit"/>
    <property name="file.encoding.pkg" value="sun.io"/>
    <property name="java.specification.version" value="1.8"/>
    <property name="sun.cpu.isalist" value="amd64"/>
    <property name="sun.jnu.encoding" value="Cp1252"/>
    <property name="java.class.path" value="D:\Work\openmrs\openmrs-rest-representation-analyzer\target\test-classes;D:\Work\openmrs\openmrs-rest-representation-analyzer\target\classes;C:\Users\Marvin\.m2\repository\org\apache\maven\maven-plugin-api\3.6.3\maven-plugin-api-3.6.3.jar;C:\Users\Marvin\.m2\repository\org\apache\maven\maven-model\3.6.3\maven-model-3.6.3.jar;C:\Users\Marvin\.m2\repository\org\apache\maven\maven-artifact\3.6.3\maven-artifact-3.6.3.jar;C:\Users\Marvin\.m2\repository\org\eclipse\sisu\org.eclipse.sisu.plexus\0.3.4\org.eclipse.sisu.plexus-0.3.4.jar;C:\Users\Marvin\.m2\repository\javax\enterprise\cdi-api\1.0\cdi-api-1.0.jar;C:\Users\Marvin\.m2\repository\javax\annotation\jsr250-api\1.0\jsr250-api-1.0.jar;C:\Users\Marvin\.m2\repository\javax\inject\javax.inject\1\javax.inject-1.jar;C:\Users\Marvin\.m2\repository\org\eclipse\sisu\org.eclipse.sisu.inject\0.3.4\org.eclipse.sisu.inject-0.3.4.jar;C:\Users\Marvin\.m2\repository\org\codehaus\plexus\plexus-component-annotations\1.5.5\plexus-component-annotations-1.5.5.jar;C:\Users\Marvin\.m2\repository\org\codehaus\plexus\plexus-utils\3.2.1\plexus-utils-3.2.1.jar;C:\Users\Marvin\.m2\repository\org\codehaus\plexus\plexus-classworlds\2.6.0\plexus-classworlds-2.6.0.jar;C:\Users\Marvin\.m2\repository\org\apache\maven\plugin-tools\maven-plugin-annotations\3.6.0\maven-plugin-annotations-3.6.0.jar;C:\Users\Marvin\.m2\repository\org\apache\maven\maven-project\2.2.1\maven-project-2.2.1.jar;C:\Users\Marvin\.m2\repository\org\apache\maven\maven-settings\2.2.1\maven-settings-2.2.1.jar;C:\Users\Marvin\.m2\repository\org\apache\maven\maven-profile\2.2.1\maven-profile-2.2.1.jar;C:\Users\Marvin\.m2\repository\org\apache\maven\maven-artifact-manager\2.2.1\maven-artifact-manager-2.2.1.jar;C:\Users\Marvin\.m2\repository\org\apache\maven\maven-repository-metadata\2.2.1\maven-repository-metadata-2.2.1.jar;C:\Users\Marvin\.m2\repository\org\apache\maven\wagon\wagon-provider-api\1.0-beta-6\wagon-provider-api-1.0-beta-6.jar;C:\Users\Marvin\.m2\repository\backport-util-concurrent\backport-util-concurrent\3.1\backport-util-concurrent-3.1.jar;C:\Users\Marvin\.m2\repository\org\apache\maven\maven-plugin-registry\2.2.1\maven-plugin-registry-2.2.1.jar;C:\Users\Marvin\.m2\repository\org\codehaus\plexus\plexus-interpolation\1.11\plexus-interpolation-1.11.jar;C:\Users\Marvin\.m2\repository\org\codehaus\plexus\plexus-container-default\1.0-alpha-9-stable-1\plexus-container-default-1.0-alpha-9-stable-1.jar;C:\Users\Marvin\.m2\repository\classworlds\classworlds\1.1-alpha-2\classworlds-1.1-alpha-2.jar;C:\Users\Marvin\.m2\repository\junit\junit\4.13.2\junit-4.13.2.jar;C:\Users\Marvin\.m2\repository\org\hamcrest\hamcrest-core\2.2\hamcrest-core-2.2.jar;C:\Users\Marvin\.m2\repository\org\hamcrest\hamcrest\2.2\hamcrest-2.2.jar;C:\Users\Marvin\.m2\repository\org\openmrs\api\openmrs-api\2.4.6-SNAPSHOT\openmrs-api-2.4.6-SNAPSHOT.jar;C:\Users\Marvin\.m2\repository\commons-collections\commons-collections\3.2.2\commons-collections-3.2.2.jar;C:\Users\Marvin\.m2\repository\org\apache\commons\commons-lang3\3.11\commons-lang3-3.11.jar;C:\Users\Marvin\.m2\repository\commons-beanutils\commons-beanutils\1.9.4\commons-beanutils-1.9.4.jar;C:\Users\Marvin\.m2\repository\commons-validator\commons-validator\1.7\commons-validator-1.7.jar;C:\Users\Marvin\.m2\repository\commons-digester\commons-digester\2.1\commons-digester-2.1.jar;C:\Users\Marvin\.m2\repository\commons-logging\commons-logging\1.2\commons-logging-1.2.jar;C:\Users\Marvin\.m2\repository\commons-io\commons-io\2.8.0\commons-io-2.8.0.jar;C:\Users\Marvin\.m2\repository\org\azeckoski\reflectutils\0.9.20\reflectutils-0.9.20.jar;C:\Users\Marvin\.m2\repository\org\apache\velocity\velocity\1.7\velocity-1.7.jar;C:\Users\Marvin\.m2\repository\commons-lang\commons-lang\2.4\commons-lang-2.4.jar;C:\Users\Marvin\.m2\repository\org\springframework\spring-core\5.2.9.RELEASE\spring-core-5.2.9.RELEASE.jar;C:\Users\Marvin\.m2\repository\org\springframework\spring-jcl\5.2.9.RELEASE\spring-jcl-5.2.9.RELEASE.jar;C:\Users\Marvin\.m2\repository\org\springframework\spring-beans\5.2.9.RELEASE\spring-beans-5.2.9.RELEASE.jar;C:\Users\Marvin\.m2\repository\org\springframework\spring-context\5.2.9.RELEASE\spring-context-5.2.9.RELEASE.jar;C:\Users\Marvin\.m2\repository\org\springframework\spring-expression\5.2.9.RELEASE\spring-expression-5.2.9.RELEASE.jar;C:\Users\Marvin\.m2\repository\org\springframework\spring-aop\5.2.9.RELEASE\spring-aop-5.2.9.RELEASE.jar;C:\Users\Marvin\.m2\repository\org\springframework\spring-orm\5.2.9.RELEASE\spring-orm-5.2.9.RELEASE.jar;C:\Users\Marvin\.m2\repository\org\springframework\spring-tx\5.2.9.RELEASE\spring-tx-5.2.9.RELEASE.jar;C:\Users\Marvin\.m2\repository\org\springframework\spring-jdbc\5.2.9.RELEASE\spring-jdbc-5.2.9.RELEASE.jar;C:\Users\Marvin\.m2\repository\org\springframework\spring-context-support\5.2.9.RELEASE\spring-context-support-5.2.9.RELEASE.jar;C:\Users\Marvin\.m2\repository\ca\uhn\hapi\hapi-base\2.1\hapi-base-2.1.jar;C:\Users\Marvin\.m2\repository\ca\uhn\hapi\hapi-structures-v23\2.1\hapi-structures-v23-2.1.jar;C:\Users\Marvin\.m2\repository\ca\uhn\hapi\hapi-structures-v24\2.1\hapi-structures-v24-2.1.jar;C:\Users\Marvin\.m2\repository\ca\uhn\hapi\hapi-structures-v25\2.1\hapi-structures-v25-2.1.jar;C:\Users\Marvin\.m2\repository\ca\uhn\hapi\hapi-structures-v26\2.1\hapi-structures-v26-2.1.jar;C:\Users\Marvin\.m2\repository\org\javassist\javassist\3.27.0-GA\javassist-3.27.0-GA.jar;C:\Users\Marvin\.m2\repository\org\hibernate\hibernate-core\5.4.21.Final\hibernate-core-5.4.21.Final.jar;C:\Users\Marvin\.m2\repository\org\jboss\logging\jboss-logging\3.3.2.Final\jboss-logging-3.3.2.Final.jar;C:\Users\Marvin\.m2\repository\javax\persistence\javax.persistence-api\2.2\javax.persistence-api-2.2.jar;C:\Users\Marvin\.m2\repository\net\bytebuddy\byte-buddy\1.10.10\byte-buddy-1.10.10.jar;C:\Users\Marvin\.m2\repository\antlr\antlr\2.7.7\antlr-2.7.7.jar;C:\Users\Marvin\.m2\repository\org\jboss\spec\javax\transaction\jboss-transaction-api_1.2_spec\1.1.1.Final\jboss-transaction-api_1.2_spec-1.1.1.Final.jar;C:\Users\Marvin\.m2\repository\org\jboss\jandex\2.1.3.Final\jandex-2.1.3.Final.jar;C:\Users\Marvin\.m2\repository\com\fasterxml\classmate\1.5.1\classmate-1.5.1.jar;C:\Users\Marvin\.m2\repository\javax\activation\javax.activation-api\1.2.0\javax.activation-api-1.2.0.jar;C:\Users\Marvin\.m2\repository\org\dom4j\dom4j\2.1.3\dom4j-2.1.3.jar;C:\Users\Marvin\.m2\repository\org\hibernate\common\hibernate-commons-annotations\5.1.0.Final\hibernate-commons-annotations-5.1.0.Final.jar;C:\Users\Marvin\.m2\repository\javax\xml\bind\jaxb-api\2.3.1\jaxb-api-2.3.1.jar;C:\Users\Marvin\.m2\repository\org\glassfish\jaxb\jaxb-runtime\2.3.1\jaxb-runtime-2.3.1.jar;C:\Users\Marvin\.m2\repository\org\glassfish\jaxb\txw2\2.3.1\txw2-2.3.1.jar;C:\Users\Marvin\.m2\repository\com\sun\istack\istack-commons-runtime\3.0.7\istack-commons-runtime-3.0.7.jar;C:\Users\Marvin\.m2\repository\org\jvnet\staxex\stax-ex\1.8\stax-ex-1.8.jar;C:\Users\Marvin\.m2\repository\com\sun\xml\fastinfoset\FastInfoset\1.2.15\FastInfoset-1.2.15.jar;C:\Users\Marvin\.m2\repository\org\hibernate\hibernate-c3p0\5.4.21.Final\hibernate-c3p0-5.4.21.Final.jar;C:\Users\Marvin\.m2\repository\com\mchange\c3p0\0.9.5.5\c3p0-0.9.5.5.jar;C:\Users\Marvin\.m2\repository\com\mchange\mchange-commons-java\0.2.19\mchange-commons-java-0.2.19.jar;C:\Users\Marvin\.m2\repository\org\hibernate\hibernate-ehcache\5.4.21.Final\hibernate-ehcache-5.4.21.Final.jar;C:\Users\Marvin\.m2\repository\org\hibernate\hibernate-search-orm\5.11.5.Final\hibernate-search-orm-5.11.5.Final.jar;C:\Users\Marvin\.m2\repository\org\hibernate\hibernate-search-engine\5.11.5.Final\hibernate-search-engine-5.11.5.Final.jar;C:\Users\Marvin\.m2\repository\org\apache\lucene\lucene-misc\5.5.5\lucene-misc-5.5.5.jar;C:\Users\Marvin\.m2\repository\org\apache\lucene\lucene-facet\5.5.5\lucene-facet-5.5.5.jar;C:\Users\Marvin\.m2\repository\org\apache\lucene\lucene-queryparser\5.5.5\lucene-queryparser-5.5.5.jar;C:\Users\Marvin\.m2\repository\org\apache\lucene\lucene-core\5.5.5\lucene-core-5.5.5.jar;C:\Users\Marvin\.m2\repository\org\apache\lucene\lucene-sandbox\5.5.5\lucene-sandbox-5.5.5.jar;C:\Users\Marvin\.m2\repository\org\apache\lucene\lucene-queries\5.5.5\lucene-queries-5.5.5.jar;C:\Users\Marvin\.m2\repository\org\apache\lucene\lucene-backward-codecs\5.5.5\lucene-backward-codecs-5.5.5.jar;C:\Users\Marvin\.m2\repository\org\apache\logging\log4j\log4j-core\2.16.0\log4j-core-2.16.0.jar;C:\Users\Marvin\.m2\repository\org\apache\logging\log4j\log4j-api\2.16.0\log4j-api-2.16.0.jar;C:\Users\Marvin\.m2\repository\org\apache\logging\log4j\log4j-slf4j-impl\2.16.0\log4j-slf4j-impl-2.16.0.jar;C:\Users\Marvin\.m2\repository\org\apache\logging\log4j\log4j-1.2-api\2.16.0\log4j-1.2-api-2.16.0.jar;C:\Users\Marvin\.m2\repository\com\thoughtworks\xstream\xstream\1.4.12\xstream-1.4.12.jar;C:\Users\Marvin\.m2\repository\xmlpull\xmlpull\1.1.3.1\xmlpull-1.1.3.1.jar;C:\Users\Marvin\.m2\repository\xpp3\xpp3_min\1.1.4c\xpp3_min-1.1.4c.jar;C:\Users\Marvin\.m2\repository\javax\mail\javax.mail-api\1.6.2\javax.mail-api-1.6.2.jar;C:\Users\Marvin\.m2\repository\org\liquibase\liquibase-core\3.10.2\liquibase-core-3.10.2.jar;C:\Users\Marvin\.m2\repository\xerces\xercesImpl\2.12.0\xercesImpl-2.12.0.jar;C:\Users\Marvin\.m2\repository\xml-apis\xml-apis\1.4.01\xml-apis-1.4.01.jar;C:\Users\Marvin\.m2\repository\javax\validation\validation-api\2.0.1.Final\validation-api-2.0.1.Final.jar;C:\Users\Marvin\.m2\repository\org\hibernate\hibernate-validator\5.4.3.Final\hibernate-validator-5.4.3.Final.jar;C:\Users\Marvin\.m2\repository\org\codehaus\jackson\jackson-core-asl\1.9.13\jackson-core-asl-1.9.13.jar;C:\Users\Marvin\.m2\repository\org\codehaus\jackson\jackson-mapper-asl\1.9.13\jackson-mapper-asl-1.9.13.jar;C:\Users\Marvin\.m2\repository\com\fasterxml\jackson\core\jackson-core\2.11.2\jackson-core-2.11.2.jar;C:\Users\Marvin\.m2\repository\com\fasterxml\jackson\core\jackson-annotations\2.11.2\jackson-annotations-2.11.2.jar;C:\Users\Marvin\.m2\repository\com\fasterxml\jackson\core\jackson-databind\2.11.2\jackson-databind-2.11.2.jar;C:\Users\Marvin\.m2\repository\org\codehaus\groovy\groovy-all\2.4.20\groovy-all-2.4.20.jar;C:\Users\Marvin\.m2\repository\net\sf\ehcache\ehcache\2.10.6\ehcache-2.10.6.jar;C:\Users\Marvin\.m2\repository\org\aspectj\aspectjrt\1.9.6\aspectjrt-1.9.6.jar;C:\Users\Marvin\.m2\repository\org\aspectj\aspectjweaver\1.9.6\aspectjweaver-1.9.6.jar;C:\Users\Marvin\.m2\repository\joda-time\joda-time\2.10.6\joda-time-2.10.6.jar;C:\Users\Marvin\.m2\repository\javax\annotation\javax.annotation-api\1.3.2\javax.annotation-api-1.3.2.jar;C:\Users\Marvin\.m2\repository\com\sun\activation\javax.activation\1.2.0\javax.activation-1.2.0.jar;C:\Users\Marvin\.m2\repository\jakarta\xml\bind\jakarta.xml.bind-api\3.0.0-RC3\jakarta.xml.bind-api-3.0.0-RC3.jar;C:\Users\Marvin\.m2\repository\jakarta\activation\jakarta.activation-api\2.0.0-RC3\jakarta.activation-api-2.0.0-RC3.jar;C:\Users\Marvin\.m2\repository\com\sun\xml\bind\jaxb-impl\3.0.0-M4\jaxb-impl-3.0.0-M4.jar;C:\Users\Marvin\.m2\repository\com\sun\xml\bind\jaxb-core\3.0.0-M4\jaxb-core-3.0.0-M4.jar;C:\Users\Marvin\.m2\repository\com\sun\activation\jakarta.activation\2.0.0-RC3\jakarta.activation-2.0.0-RC3.jar;C:\Users\Marvin\.m2\repository\org\apache\lucene\lucene-analyzers-phonetic\5.5.5\lucene-analyzers-phonetic-5.5.5.jar;C:\Users\Marvin\.m2\repository\org\apache\lucene\lucene-analyzers-common\5.5.5\lucene-analyzers-common-5.5.5.jar;C:\Users\Marvin\.m2\repository\org\openmrs\web\openmrs-web\2.4.6-SNAPSHOT\openmrs-web-2.4.6-SNAPSHOT.jar;C:\Users\Marvin\.m2\repository\javax\servlet\jsp-api\2.0\jsp-api-2.0.jar;C:\Users\Marvin\.m2\repository\javax\servlet\servlet-api\2.4\servlet-api-2.4.jar;C:\Users\Marvin\.m2\repository\javax\servlet\jsp\jstl\javax.servlet.jsp.jstl-api\1.2.2\javax.servlet.jsp.jstl-api-1.2.2.jar;C:\Users\Marvin\.m2\repository\commons-fileupload\commons-fileupload\1.4\commons-fileupload-1.4.jar;C:\Users\Marvin\.m2\repository\org\springframework\spring-web\5.2.9.RELEASE\spring-web-5.2.9.RELEASE.jar;C:\Users\Marvin\.m2\repository\org\springframework\spring-webmvc\5.2.9.RELEASE\spring-webmvc-5.2.9.RELEASE.jar;C:\Users\Marvin\.m2\repository\org\springframework\spring-oxm\5.2.9.RELEASE\spring-oxm-5.2.9.RELEASE.jar;C:\Users\Marvin\.m2\repository\mysql\mysql-connector-java\8.0.21\mysql-connector-java-8.0.21.jar;C:\Users\Marvin\.m2\repository\com\google\protobuf\protobuf-java\3.11.4\protobuf-java-3.11.4.jar;C:\Users\Marvin\.m2\repository\org\postgresql\postgresql\42.2.16\postgresql-42.2.16.jar;C:\Users\Marvin\.m2\repository\org\checkerframework\checker-qual\3.5.0\checker-qual-3.5.0.jar;C:\Users\Marvin\.m2\repository\taglibs\request\1.0.1\request-1.0.1.jar;C:\Users\Marvin\.m2\repository\taglibs\response\1.0.1\response-1.0.1.jar;C:\Users\Marvin\.m2\repository\taglibs\standard\1.1.2\standard-1.1.2.jar;C:\Users\Marvin\.m2\repository\taglibs\page\1.0.1\page-1.0.1.jar;C:\Users\Marvin\.m2\repository\org\slf4j\jcl-over-slf4j\1.7.32\jcl-over-slf4j-1.7.32.jar;C:\Users\Marvin\.m2\repository\org\apache\velocity\velocity-tools\2.0\velocity-tools-2.0.jar;C:\Users\Marvin\.m2\repository\commons-chain\commons-chain\1.1\commons-chain-1.1.jar;C:\Users\Marvin\.m2\repository\oro\oro\2.0.8\oro-2.0.8.jar;C:\Users\Marvin\.m2\repository\sslext\sslext\1.2-0\sslext-1.2-0.jar;C:\Users\Marvin\.m2\repository\org\apache\struts\struts-taglib\1.3.8\struts-taglib-1.3.8.jar;C:\Users\Marvin\.m2\repository\org\apache\struts\struts-tiles\1.3.8\struts-tiles-1.3.8.jar;C:\Users\Marvin\.m2\repository\org\owasp\encoder\encoder\1.2.2\encoder-1.2.2.jar;C:\Users\Marvin\.m2\repository\org\openmrs\api\openmrs-api\2.4.6-SNAPSHOT\openmrs-api-2.4.6-SNAPSHOT-tests.jar;C:\Users\Marvin\.m2\repository\org\openmrs\web\openmrs-web\2.4.6-SNAPSHOT\openmrs-web-2.4.6-SNAPSHOT-tests.jar;C:\Users\Marvin\.m2\repository\org\springframework\spring-test\5.2.9.RELEASE\spring-test-5.2.9.RELEASE.jar;C:\Users\Marvin\.m2\repository\org\junit\jupiter\junit-jupiter-api\5.7.0\junit-jupiter-api-5.7.0.jar;C:\Users\Marvin\.m2\repository\org\apiguardian\apiguardian-api\1.1.0\apiguardian-api-1.1.0.jar;C:\Users\Marvin\.m2\repository\org\opentest4j\opentest4j\1.2.0\opentest4j-1.2.0.jar;C:\Users\Marvin\.m2\repository\org\junit\platform\junit-platform-commons\1.7.0\junit-platform-commons-1.7.0.jar;C:\Users\Marvin\.m2\repository\org\junit\jupiter\junit-jupiter-engine\5.7.0\junit-jupiter-engine-5.7.0.jar;C:\Users\Marvin\.m2\repository\org\junit\platform\junit-platform-engine\1.7.0\junit-platform-engine-1.7.0.jar;C:\Users\Marvin\.m2\repository\org\junit\vintage\junit-vintage-engine\5.7.0\junit-vintage-engine-5.7.0.jar;C:\Users\Marvin\.m2\repository\org\dbunit\dbunit\2.7.0\dbunit-2.7.0.jar;C:\Users\Marvin\.m2\repository\org\apache\poi\poi-ooxml\3.17\poi-ooxml-3.17.jar;C:\Users\Marvin\.m2\repository\org\apache\poi\poi\3.17\poi-3.17.jar;C:\Users\Marvin\.m2\repository\org\apache\commons\commons-collections4\4.1\commons-collections4-4.1.jar;C:\Users\Marvin\.m2\repository\org\apache\poi\poi-ooxml-schemas\3.17\poi-ooxml-schemas-3.17.jar;C:\Users\Marvin\.m2\repository\org\apache\xmlbeans\xmlbeans\2.6.0\xmlbeans-2.6.0.jar;C:\Users\Marvin\.m2\repository\stax\stax-api\1.0.1\stax-api-1.0.1.jar;C:\Users\Marvin\.m2\repository\com\github\virtuald\curvesapi\1.04\curvesapi-1.04.jar;C:\Users\Marvin\.m2\repository\org\mockito\mockito-core\3.5.11\mockito-core-3.5.11.jar;C:\Users\Marvin\.m2\repository\net\bytebuddy\byte-buddy-agent\1.10.13\byte-buddy-agent-1.10.13.jar;C:\Users\Marvin\.m2\repository\org\objenesis\objenesis\3.1\objenesis-3.1.jar;C:\Users\Marvin\.m2\repository\org\mockito\mockito-junit-jupiter\3.5.11\mockito-junit-jupiter-3.5.11.jar;C:\Users\Marvin\.m2\repository\org\powermock\powermock-module-junit4\2.0.7\powermock-module-junit4-2.0.7.jar;C:\Users\Marvin\.m2\repository\org\powermock\powermock-module-junit4-common\2.0.7\powermock-module-junit4-common-2.0.7.jar;C:\Users\Marvin\.m2\repository\org\powermock\powermock-reflect\2.0.7\powermock-reflect-2.0.7.jar;C:\Users\Marvin\.m2\repository\org\powermock\powermock-core\2.0.7\powermock-core-2.0.7.jar;C:\Users\Marvin\.m2\repository\org\powermock\powermock-api-mockito2\2.0.7\powermock-api-mockito2-2.0.7.jar;C:\Users\Marvin\.m2\repository\org\powermock\powermock-api-support\2.0.7\powermock-api-support-2.0.7.jar;C:\Users\Marvin\.m2\repository\org\hamcrest\hamcrest-library\2.2\hamcrest-library-2.2.jar;C:\Users\Marvin\.m2\repository\org\openmrs\module\webservices.rest-omod-common\2.50.0-SNAPSHOT\webservices.rest-omod-common-2.50.0-SNAPSHOT.jar;C:\Users\Marvin\.m2\repository\org\atteo\evo-inflector\1.2.2\evo-inflector-1.2.2.jar;C:\Users\Marvin\.m2\repository\io\swagger\swagger-core\1.6.2\swagger-core-1.6.2.jar;C:\Users\Marvin\.m2\repository\com\fasterxml\jackson\dataformat\jackson-dataformat-yaml\2.11.1\jackson-dataformat-yaml-2.11.1.jar;C:\Users\Marvin\.m2\repository\org\yaml\snakeyaml\1.26\snakeyaml-1.26.jar;C:\Users\Marvin\.m2\repository\io\swagger\swagger-models\1.6.2\swagger-models-1.6.2.jar;C:\Users\Marvin\.m2\repository\io\swagger\swagger-annotations\1.6.2\swagger-annotations-1.6.2.jar;C:\Users\Marvin\.m2\repository\com\google\guava\guava\27.0.1-android\guava-27.0.1-android.jar;C:\Users\Marvin\.m2\repository\com\google\guava\failureaccess\1.0.1\failureaccess-1.0.1.jar;C:\Users\Marvin\.m2\repository\com\google\guava\listenablefuture\9999.0-empty-to-avoid-conflict-with-guava\listenablefuture-9999.0-empty-to-avoid-conflict-with-guava.jar;C:\Users\Marvin\.m2\repository\com\google\code\findbugs\jsr305\3.0.2\jsr305-3.0.2.jar;C:\Users\Marvin\.m2\repository\org\checkerframework\checker-compat-qual\2.5.2\checker-compat-qual-2.5.2.jar;C:\Users\Marvin\.m2\repository\com\google\errorprone\error_prone_annotations\2.2.0\error_prone_annotations-2.2.0.jar;C:\Users\Marvin\.m2\repository\com\google\j2objc\j2objc-annotations\1.1\j2objc-annotations-1.1.jar;C:\Users\Marvin\.m2\repository\org\codehaus\mojo\animal-sniffer-annotations\1.17\animal-sniffer-annotations-1.17.jar;C:\Users\Marvin\.m2\repository\commons-codec\commons-codec\1.14\commons-codec-1.14.jar;C:\Users\Marvin\.m2\repository\org\openmrs\module\webservices.rest-omod-common\2.50.0-SNAPSHOT\webservices.rest-omod-common-2.50.0-SNAPSHOT-tests.jar;C:\Users\Marvin\.m2\repository\org\openmrs\module\webservices.rest-omod-2.4\2.50.0-SNAPSHOT\webservices.rest-omod-2.4-2.50.0-SNAPSHOT.jar;C:\Users\Marvin\.m2\repository\com\h2database\h2\1.4.200\h2-1.4.200.jar;C:\Users\Marvin\.m2\repository\org\slf4j\slf4j-api\1.7.32\slf4j-api-1.7.32.jar;C:\Users\Marvin\.m2\repository\org\slf4j\slf4j-simple\1.7.30\slf4j-simple-1.7.30.jar;C:\Users\Marvin\.m2\repository\javax\servlet\javax.servlet-api\4.0.1\javax.servlet-api-4.0.1.jar;"/>
    <property name="java.vm.vendor" value="Temurin"/>
    <property name="sun.arch.data.model" value="64"/>
    <property name="user.variant" value=""/>
    <property name="java.vendor.url" value="https://adoptium.net/"/>
    <property name="user.timezone" value="Asia/Calcutta"/>
    <property name="java.vm.specification.version" value="1.8"/>
    <property name="os.name" value="Windows 11"/>
    <property name="databaseUsername" value="sa"/>
    <property name="sun.java.launcher" value="SUN_STANDARD"/>
    <property name="user.country" value="IN"/>
    <property name="sun.boot.library.path" value="D:\Work\jdk8\jre\bin"/>
    <property name="sun.java.command" value="C:\Users\Marvin\AppData\Local\Temp\surefire3908149123038853483\surefirebooter-20250709152306569_3.jar C:\Users\Marvin\AppData\Local\Temp\surefire3908149123038853483 2025-07-09T15-23-06_191-jvmRun1 surefire-20250709152306569_1tmp surefire_0-20250709152306569_2tmp"/>
    <property name="test" value="RepresentationAnalyzerTest"/>
    <property name="surefire.test.class.path" value="D:\Work\openmrs\openmrs-rest-representation-analyzer\target\test-classes;D:\Work\openmrs\openmrs-rest-representation-analyzer\target\classes;C:\Users\Marvin\.m2\repository\org\apache\maven\maven-plugin-api\3.6.3\maven-plugin-api-3.6.3.jar;C:\Users\Marvin\.m2\repository\org\apache\maven\maven-model\3.6.3\maven-model-3.6.3.jar;C:\Users\Marvin\.m2\repository\org\apache\maven\maven-artifact\3.6.3\maven-artifact-3.6.3.jar;C:\Users\Marvin\.m2\repository\org\eclipse\sisu\org.eclipse.sisu.plexus\0.3.4\org.eclipse.sisu.plexus-0.3.4.jar;C:\Users\Marvin\.m2\repository\javax\enterprise\cdi-api\1.0\cdi-api-1.0.jar;C:\Users\Marvin\.m2\repository\javax\annotation\jsr250-api\1.0\jsr250-api-1.0.jar;C:\Users\Marvin\.m2\repository\javax\inject\javax.inject\1\javax.inject-1.jar;C:\Users\Marvin\.m2\repository\org\eclipse\sisu\org.eclipse.sisu.inject\0.3.4\org.eclipse.sisu.inject-0.3.4.jar;C:\Users\Marvin\.m2\repository\org\codehaus\plexus\plexus-component-annotations\1.5.5\plexus-component-annotations-1.5.5.jar;C:\Users\Marvin\.m2\repository\org\codehaus\plexus\plexus-utils\3.2.1\plexus-utils-3.2.1.jar;C:\Users\Marvin\.m2\repository\org\codehaus\plexus\plexus-classworlds\2.6.0\plexus-classworlds-2.6.0.jar;C:\Users\Marvin\.m2\repository\org\apache\maven\plugin-tools\maven-plugin-annotations\3.6.0\maven-plugin-annotations-3.6.0.jar;C:\Users\Marvin\.m2\repository\org\apache\maven\maven-project\2.2.1\maven-project-2.2.1.jar;C:\Users\Marvin\.m2\repository\org\apache\maven\maven-settings\2.2.1\maven-settings-2.2.1.jar;C:\Users\Marvin\.m2\repository\org\apache\maven\maven-profile\2.2.1\maven-profile-2.2.1.jar;C:\Users\Marvin\.m2\repository\org\apache\maven\maven-artifact-manager\2.2.1\maven-artifact-manager-2.2.1.jar;C:\Users\Marvin\.m2\repository\org\apache\maven\maven-repository-metadata\2.2.1\maven-repository-metadata-2.2.1.jar;C:\Users\Marvin\.m2\repository\org\apache\maven\wagon\wagon-provider-api\1.0-beta-6\wagon-provider-api-1.0-beta-6.jar;C:\Users\Marvin\.m2\repository\backport-util-concurrent\backport-util-concurrent\3.1\backport-util-concurrent-3.1.jar;C:\Users\Marvin\.m2\repository\org\apache\maven\maven-plugin-registry\2.2.1\maven-plugin-registry-2.2.1.jar;C:\Users\Marvin\.m2\repository\org\codehaus\plexus\plexus-interpolation\1.11\plexus-interpolation-1.11.jar;C:\Users\Marvin\.m2\repository\org\codehaus\plexus\plexus-container-default\1.0-alpha-9-stable-1\plexus-container-default-1.0-alpha-9-stable-1.jar;C:\Users\Marvin\.m2\repository\classworlds\classworlds\1.1-alpha-2\classworlds-1.1-alpha-2.jar;C:\Users\Marvin\.m2\repository\junit\junit\4.13.2\junit-4.13.2.jar;C:\Users\Marvin\.m2\repository\org\hamcrest\hamcrest-core\2.2\hamcrest-core-2.2.jar;C:\Users\Marvin\.m2\repository\org\hamcrest\hamcrest\2.2\hamcrest-2.2.jar;C:\Users\Marvin\.m2\repository\org\openmrs\api\openmrs-api\2.4.6-SNAPSHOT\openmrs-api-2.4.6-SNAPSHOT.jar;C:\Users\Marvin\.m2\repository\commons-collections\commons-collections\3.2.2\commons-collections-3.2.2.jar;C:\Users\Marvin\.m2\repository\org\apache\commons\commons-lang3\3.11\commons-lang3-3.11.jar;C:\Users\Marvin\.m2\repository\commons-beanutils\commons-beanutils\1.9.4\commons-beanutils-1.9.4.jar;C:\Users\Marvin\.m2\repository\commons-validator\commons-validator\1.7\commons-validator-1.7.jar;C:\Users\Marvin\.m2\repository\commons-digester\commons-digester\2.1\commons-digester-2.1.jar;C:\Users\Marvin\.m2\repository\commons-logging\commons-logging\1.2\commons-logging-1.2.jar;C:\Users\Marvin\.m2\repository\commons-io\commons-io\2.8.0\commons-io-2.8.0.jar;C:\Users\Marvin\.m2\repository\org\azeckoski\reflectutils\0.9.20\reflectutils-0.9.20.jar;C:\Users\Marvin\.m2\repository\org\apache\velocity\velocity\1.7\velocity-1.7.jar;C:\Users\Marvin\.m2\repository\commons-lang\commons-lang\2.4\commons-lang-2.4.jar;C:\Users\Marvin\.m2\repository\org\springframework\spring-core\5.2.9.RELEASE\spring-core-5.2.9.RELEASE.jar;C:\Users\Marvin\.m2\repository\org\springframework\spring-jcl\5.2.9.RELEASE\spring-jcl-5.2.9.RELEASE.jar;C:\Users\Marvin\.m2\repository\org\springframework\spring-beans\5.2.9.RELEASE\spring-beans-5.2.9.RELEASE.jar;C:\Users\Marvin\.m2\repository\org\springframework\spring-context\5.2.9.RELEASE\spring-context-5.2.9.RELEASE.jar;C:\Users\Marvin\.m2\repository\org\springframework\spring-expression\5.2.9.RELEASE\spring-expression-5.2.9.RELEASE.jar;C:\Users\Marvin\.m2\repository\org\springframework\spring-aop\5.2.9.RELEASE\spring-aop-5.2.9.RELEASE.jar;C:\Users\Marvin\.m2\repository\org\springframework\spring-orm\5.2.9.RELEASE\spring-orm-5.2.9.RELEASE.jar;C:\Users\Marvin\.m2\repository\org\springframework\spring-tx\5.2.9.RELEASE\spring-tx-5.2.9.RELEASE.jar;C:\Users\Marvin\.m2\repository\org\springframework\spring-jdbc\5.2.9.RELEASE\spring-jdbc-5.2.9.RELEASE.jar;C:\Users\Marvin\.m2\repository\org\springframework\spring-context-support\5.2.9.RELEASE\spring-context-support-5.2.9.RELEASE.jar;C:\Users\Marvin\.m2\repository\ca\uhn\hapi\hapi-base\2.1\hapi-base-2.1.jar;C:\Users\Marvin\.m2\repository\ca\uhn\hapi\hapi-structures-v23\2.1\hapi-structures-v23-2.1.jar;C:\Users\Marvin\.m2\repository\ca\uhn\hapi\hapi-structures-v24\2.1\hapi-structures-v24-2.1.jar;C:\Users\Marvin\.m2\repository\ca\uhn\hapi\hapi-structures-v25\2.1\hapi-structures-v25-2.1.jar;C:\Users\Marvin\.m2\repository\ca\uhn\hapi\hapi-structures-v26\2.1\hapi-structures-v26-2.1.jar;C:\Users\Marvin\.m2\repository\org\javassist\javassist\3.27.0-GA\javassist-3.27.0-GA.jar;C:\Users\Marvin\.m2\repository\org\hibernate\hibernate-core\5.4.21.Final\hibernate-core-5.4.21.Final.jar;C:\Users\Marvin\.m2\repository\org\jboss\logging\jboss-logging\3.3.2.Final\jboss-logging-3.3.2.Final.jar;C:\Users\Marvin\.m2\repository\javax\persistence\javax.persistence-api\2.2\javax.persistence-api-2.2.jar;C:\Users\Marvin\.m2\repository\net\bytebuddy\byte-buddy\1.10.10\byte-buddy-1.10.10.jar;C:\Users\Marvin\.m2\repository\antlr\antlr\2.7.7\antlr-2.7.7.jar;C:\Users\Marvin\.m2\repository\org\jboss\spec\javax\transaction\jboss-transaction-api_1.2_spec\1.1.1.Final\jboss-transaction-api_1.2_spec-1.1.1.Final.jar;C:\Users\Marvin\.m2\repository\org\jboss\jandex\2.1.3.Final\jandex-2.1.3.Final.jar;C:\Users\Marvin\.m2\repository\com\fasterxml\classmate\1.5.1\classmate-1.5.1.jar;C:\Users\Marvin\.m2\repository\javax\activation\javax.activation-api\1.2.0\javax.activation-api-1.2.0.jar;C:\Users\Marvin\.m2\repository\org\dom4j\dom4j\2.1.3\dom4j-2.1.3.jar;C:\Users\Marvin\.m2\repository\org\hibernate\common\hibernate-commons-annotations\5.1.0.Final\hibernate-commons-annotations-5.1.0.Final.jar;C:\Users\Marvin\.m2\repository\javax\xml\bind\jaxb-api\2.3.1\jaxb-api-2.3.1.jar;C:\Users\Marvin\.m2\repository\org\glassfish\jaxb\jaxb-runtime\2.3.1\jaxb-runtime-2.3.1.jar;C:\Users\Marvin\.m2\repository\org\glassfish\jaxb\txw2\2.3.1\txw2-2.3.1.jar;C:\Users\Marvin\.m2\repository\com\sun\istack\istack-commons-runtime\3.0.7\istack-commons-runtime-3.0.7.jar;C:\Users\Marvin\.m2\repository\org\jvnet\staxex\stax-ex\1.8\stax-ex-1.8.jar;C:\Users\Marvin\.m2\repository\com\sun\xml\fastinfoset\FastInfoset\1.2.15\FastInfoset-1.2.15.jar;C:\Users\Marvin\.m2\repository\org\hibernate\hibernate-c3p0\5.4.21.Final\hibernate-c3p0-5.4.21.Final.jar;C:\Users\Marvin\.m2\repository\com\mchange\c3p0\0.9.5.5\c3p0-0.9.5.5.jar;C:\Users\Marvin\.m2\repository\com\mchange\mchange-commons-java\0.2.19\mchange-commons-java-0.2.19.jar;C:\Users\Marvin\.m2\repository\org\hibernate\hibernate-ehcache\5.4.21.Final\hibernate-ehcache-5.4.21.Final.jar;C:\Users\Marvin\.m2\repository\org\hibernate\hibernate-search-orm\5.11.5.Final\hibernate-search-orm-5.11.5.Final.jar;C:\Users\Marvin\.m2\repository\org\hibernate\hibernate-search-engine\5.11.5.Final\hibernate-search-engine-5.11.5.Final.jar;C:\Users\Marvin\.m2\repository\org\apache\lucene\lucene-misc\5.5.5\lucene-misc-5.5.5.jar;C:\Users\Marvin\.m2\repository\org\apache\lucene\lucene-facet\5.5.5\lucene-facet-5.5.5.jar;C:\Users\Marvin\.m2\repository\org\apache\lucene\lucene-queryparser\5.5.5\lucene-queryparser-5.5.5.jar;C:\Users\Marvin\.m2\repository\org\apache\lucene\lucene-core\5.5.5\lucene-core-5.5.5.jar;C:\Users\Marvin\.m2\repository\org\apache\lucene\lucene-sandbox\5.5.5\lucene-sandbox-5.5.5.jar;C:\Users\Marvin\.m2\repository\org\apache\lucene\lucene-queries\5.5.5\lucene-queries-5.5.5.jar;C:\Users\Marvin\.m2\repository\org\apache\lucene\lucene-backward-codecs\5.5.5\lucene-backward-codecs-5.5.5.jar;C:\Users\Marvin\.m2\repository\org\apache\logging\log4j\log4j-core\2.16.0\log4j-core-2.16.0.jar;C:\Users\Marvin\.m2\repository\org\apache\logging\log4j\log4j-api\2.16.0\log4j-api-2.16.0.jar;C:\Users\Marvin\.m2\repository\org\apache\logging\log4j\log4j-slf4j-impl\2.16.0\log4j-slf4j-impl-2.16.0.jar;C:\Users\Marvin\.m2\repository\org\apache\logging\log4j\log4j-1.2-api\2.16.0\log4j-1.2-api-2.16.0.jar;C:\Users\Marvin\.m2\repository\com\thoughtworks\xstream\xstream\1.4.12\xstream-1.4.12.jar;C:\Users\Marvin\.m2\repository\xmlpull\xmlpull\1.1.3.1\xmlpull-1.1.3.1.jar;C:\Users\Marvin\.m2\repository\xpp3\xpp3_min\1.1.4c\xpp3_min-1.1.4c.jar;C:\Users\Marvin\.m2\repository\javax\mail\javax.mail-api\1.6.2\javax.mail-api-1.6.2.jar;C:\Users\Marvin\.m2\repository\org\liquibase\liquibase-core\3.10.2\liquibase-core-3.10.2.jar;C:\Users\Marvin\.m2\repository\xerces\xercesImpl\2.12.0\xercesImpl-2.12.0.jar;C:\Users\Marvin\.m2\repository\xml-apis\xml-apis\1.4.01\xml-apis-1.4.01.jar;C:\Users\Marvin\.m2\repository\javax\validation\validation-api\2.0.1.Final\validation-api-2.0.1.Final.jar;C:\Users\Marvin\.m2\repository\org\hibernate\hibernate-validator\5.4.3.Final\hibernate-validator-5.4.3.Final.jar;C:\Users\Marvin\.m2\repository\org\codehaus\jackson\jackson-core-asl\1.9.13\jackson-core-asl-1.9.13.jar;C:\Users\Marvin\.m2\repository\org\codehaus\jackson\jackson-mapper-asl\1.9.13\jackson-mapper-asl-1.9.13.jar;C:\Users\Marvin\.m2\repository\com\fasterxml\jackson\core\jackson-core\2.11.2\jackson-core-2.11.2.jar;C:\Users\Marvin\.m2\repository\com\fasterxml\jackson\core\jackson-annotations\2.11.2\jackson-annotations-2.11.2.jar;C:\Users\Marvin\.m2\repository\com\fasterxml\jackson\core\jackson-databind\2.11.2\jackson-databind-2.11.2.jar;C:\Users\Marvin\.m2\repository\org\codehaus\groovy\groovy-all\2.4.20\groovy-all-2.4.20.jar;C:\Users\Marvin\.m2\repository\net\sf\ehcache\ehcache\2.10.6\ehcache-2.10.6.jar;C:\Users\Marvin\.m2\repository\org\aspectj\aspectjrt\1.9.6\aspectjrt-1.9.6.jar;C:\Users\Marvin\.m2\repository\org\aspectj\aspectjweaver\1.9.6\aspectjweaver-1.9.6.jar;C:\Users\Marvin\.m2\repository\joda-time\joda-time\2.10.6\joda-time-2.10.6.jar;C:\Users\Marvin\.m2\repository\javax\annotation\javax.annotation-api\1.3.2\javax.annotation-api-1.3.2.jar;C:\Users\Marvin\.m2\repository\com\sun\activation\javax.activation\1.2.0\javax.activation-1.2.0.jar;C:\Users\Marvin\.m2\repository\jakarta\xml\bind\jakarta.xml.bind-api\3.0.0-RC3\jakarta.xml.bind-api-3.0.0-RC3.jar;C:\Users\Marvin\.m2\repository\jakarta\activation\jakarta.activation-api\2.0.0-RC3\jakarta.activation-api-2.0.0-RC3.jar;C:\Users\Marvin\.m2\repository\com\sun\xml\bind\jaxb-impl\3.0.0-M4\jaxb-impl-3.0.0-M4.jar;C:\Users\Marvin\.m2\repository\com\sun\xml\bind\jaxb-core\3.0.0-M4\jaxb-core-3.0.0-M4.jar;C:\Users\Marvin\.m2\repository\com\sun\activation\jakarta.activation\2.0.0-RC3\jakarta.activation-2.0.0-RC3.jar;C:\Users\Marvin\.m2\repository\org\apache\lucene\lucene-analyzers-phonetic\5.5.5\lucene-analyzers-phonetic-5.5.5.jar;C:\Users\Marvin\.m2\repository\org\apache\lucene\lucene-analyzers-common\5.5.5\lucene-analyzers-common-5.5.5.jar;C:\Users\Marvin\.m2\repository\org\openmrs\web\openmrs-web\2.4.6-SNAPSHOT\openmrs-web-2.4.6-SNAPSHOT.jar;C:\Users\Marvin\.m2\repository\javax\servlet\jsp-api\2.0\jsp-api-2.0.jar;C:\Users\Marvin\.m2\repository\javax\servlet\servlet-api\2.4\servlet-api-2.4.jar;C:\Users\Marvin\.m2\repository\javax\servlet\jsp\jstl\javax.servlet.jsp.jstl-api\1.2.2\javax.servlet.jsp.jstl-api-1.2.2.jar;C:\Users\Marvin\.m2\repository\commons-fileupload\commons-fileupload\1.4\commons-fileupload-1.4.jar;C:\Users\Marvin\.m2\repository\org\springframework\spring-web\5.2.9.RELEASE\spring-web-5.2.9.RELEASE.jar;C:\Users\Marvin\.m2\repository\org\springframework\spring-webmvc\5.2.9.RELEASE\spring-webmvc-5.2.9.RELEASE.jar;C:\Users\Marvin\.m2\repository\org\springframework\spring-oxm\5.2.9.RELEASE\spring-oxm-5.2.9.RELEASE.jar;C:\Users\Marvin\.m2\repository\mysql\mysql-connector-java\8.0.21\mysql-connector-java-8.0.21.jar;C:\Users\Marvin\.m2\repository\com\google\protobuf\protobuf-java\3.11.4\protobuf-java-3.11.4.jar;C:\Users\Marvin\.m2\repository\org\postgresql\postgresql\42.2.16\postgresql-42.2.16.jar;C:\Users\Marvin\.m2\repository\org\checkerframework\checker-qual\3.5.0\checker-qual-3.5.0.jar;C:\Users\Marvin\.m2\repository\taglibs\request\1.0.1\request-1.0.1.jar;C:\Users\Marvin\.m2\repository\taglibs\response\1.0.1\response-1.0.1.jar;C:\Users\Marvin\.m2\repository\taglibs\standard\1.1.2\standard-1.1.2.jar;C:\Users\Marvin\.m2\repository\taglibs\page\1.0.1\page-1.0.1.jar;C:\Users\Marvin\.m2\repository\org\slf4j\jcl-over-slf4j\1.7.32\jcl-over-slf4j-1.7.32.jar;C:\Users\Marvin\.m2\repository\org\apache\velocity\velocity-tools\2.0\velocity-tools-2.0.jar;C:\Users\Marvin\.m2\repository\commons-chain\commons-chain\1.1\commons-chain-1.1.jar;C:\Users\Marvin\.m2\repository\oro\oro\2.0.8\oro-2.0.8.jar;C:\Users\Marvin\.m2\repository\sslext\sslext\1.2-0\sslext-1.2-0.jar;C:\Users\Marvin\.m2\repository\org\apache\struts\struts-taglib\1.3.8\struts-taglib-1.3.8.jar;C:\Users\Marvin\.m2\repository\org\apache\struts\struts-tiles\1.3.8\struts-tiles-1.3.8.jar;C:\Users\Marvin\.m2\repository\org\owasp\encoder\encoder\1.2.2\encoder-1.2.2.jar;C:\Users\Marvin\.m2\repository\org\openmrs\api\openmrs-api\2.4.6-SNAPSHOT\openmrs-api-2.4.6-SNAPSHOT-tests.jar;C:\Users\Marvin\.m2\repository\org\openmrs\web\openmrs-web\2.4.6-SNAPSHOT\openmrs-web-2.4.6-SNAPSHOT-tests.jar;C:\Users\Marvin\.m2\repository\org\springframework\spring-test\5.2.9.RELEASE\spring-test-5.2.9.RELEASE.jar;C:\Users\Marvin\.m2\repository\org\junit\jupiter\junit-jupiter-api\5.7.0\junit-jupiter-api-5.7.0.jar;C:\Users\Marvin\.m2\repository\org\apiguardian\apiguardian-api\1.1.0\apiguardian-api-1.1.0.jar;C:\Users\Marvin\.m2\repository\org\opentest4j\opentest4j\1.2.0\opentest4j-1.2.0.jar;C:\Users\Marvin\.m2\repository\org\junit\platform\junit-platform-commons\1.7.0\junit-platform-commons-1.7.0.jar;C:\Users\Marvin\.m2\repository\org\junit\jupiter\junit-jupiter-engine\5.7.0\junit-jupiter-engine-5.7.0.jar;C:\Users\Marvin\.m2\repository\org\junit\platform\junit-platform-engine\1.7.0\junit-platform-engine-1.7.0.jar;C:\Users\Marvin\.m2\repository\org\junit\vintage\junit-vintage-engine\5.7.0\junit-vintage-engine-5.7.0.jar;C:\Users\Marvin\.m2\repository\org\dbunit\dbunit\2.7.0\dbunit-2.7.0.jar;C:\Users\Marvin\.m2\repository\org\apache\poi\poi-ooxml\3.17\poi-ooxml-3.17.jar;C:\Users\Marvin\.m2\repository\org\apache\poi\poi\3.17\poi-3.17.jar;C:\Users\Marvin\.m2\repository\org\apache\commons\commons-collections4\4.1\commons-collections4-4.1.jar;C:\Users\Marvin\.m2\repository\org\apache\poi\poi-ooxml-schemas\3.17\poi-ooxml-schemas-3.17.jar;C:\Users\Marvin\.m2\repository\org\apache\xmlbeans\xmlbeans\2.6.0\xmlbeans-2.6.0.jar;C:\Users\Marvin\.m2\repository\stax\stax-api\1.0.1\stax-api-1.0.1.jar;C:\Users\Marvin\.m2\repository\com\github\virtuald\curvesapi\1.04\curvesapi-1.04.jar;C:\Users\Marvin\.m2\repository\org\mockito\mockito-core\3.5.11\mockito-core-3.5.11.jar;C:\Users\Marvin\.m2\repository\net\bytebuddy\byte-buddy-agent\1.10.13\byte-buddy-agent-1.10.13.jar;C:\Users\Marvin\.m2\repository\org\objenesis\objenesis\3.1\objenesis-3.1.jar;C:\Users\Marvin\.m2\repository\org\mockito\mockito-junit-jupiter\3.5.11\mockito-junit-jupiter-3.5.11.jar;C:\Users\Marvin\.m2\repository\org\powermock\powermock-module-junit4\2.0.7\powermock-module-junit4-2.0.7.jar;C:\Users\Marvin\.m2\repository\org\powermock\powermock-module-junit4-common\2.0.7\powermock-module-junit4-common-2.0.7.jar;C:\Users\Marvin\.m2\repository\org\powermock\powermock-reflect\2.0.7\powermock-reflect-2.0.7.jar;C:\Users\Marvin\.m2\repository\org\powermock\powermock-core\2.0.7\powermock-core-2.0.7.jar;C:\Users\Marvin\.m2\repository\org\powermock\powermock-api-mockito2\2.0.7\powermock-api-mockito2-2.0.7.jar;C:\Users\Marvin\.m2\repository\org\powermock\powermock-api-support\2.0.7\powermock-api-support-2.0.7.jar;C:\Users\Marvin\.m2\repository\org\hamcrest\hamcrest-library\2.2\hamcrest-library-2.2.jar;C:\Users\Marvin\.m2\repository\org\openmrs\module\webservices.rest-omod-common\2.50.0-SNAPSHOT\webservices.rest-omod-common-2.50.0-SNAPSHOT.jar;C:\Users\Marvin\.m2\repository\org\atteo\evo-inflector\1.2.2\evo-inflector-1.2.2.jar;C:\Users\Marvin\.m2\repository\io\swagger\swagger-core\1.6.2\swagger-core-1.6.2.jar;C:\Users\Marvin\.m2\repository\com\fasterxml\jackson\dataformat\jackson-dataformat-yaml\2.11.1\jackson-dataformat-yaml-2.11.1.jar;C:\Users\Marvin\.m2\repository\org\yaml\snakeyaml\1.26\snakeyaml-1.26.jar;C:\Users\Marvin\.m2\repository\io\swagger\swagger-models\1.6.2\swagger-models-1.6.2.jar;C:\Users\Marvin\.m2\repository\io\swagger\swagger-annotations\1.6.2\swagger-annotations-1.6.2.jar;C:\Users\Marvin\.m2\repository\com\google\guava\guava\27.0.1-android\guava-27.0.1-android.jar;C:\Users\Marvin\.m2\repository\com\google\guava\failureaccess\1.0.1\failureaccess-1.0.1.jar;C:\Users\Marvin\.m2\repository\com\google\guava\listenablefuture\9999.0-empty-to-avoid-conflict-with-guava\listenablefuture-9999.0-empty-to-avoid-conflict-with-guava.jar;C:\Users\Marvin\.m2\repository\com\google\code\findbugs\jsr305\3.0.2\jsr305-3.0.2.jar;C:\Users\Marvin\.m2\repository\org\checkerframework\checker-compat-qual\2.5.2\checker-compat-qual-2.5.2.jar;C:\Users\Marvin\.m2\repository\com\google\errorprone\error_prone_annotations\2.2.0\error_prone_annotations-2.2.0.jar;C:\Users\Marvin\.m2\repository\com\google\j2objc\j2objc-annotations\1.1\j2objc-annotations-1.1.jar;C:\Users\Marvin\.m2\repository\org\codehaus\mojo\animal-sniffer-annotations\1.17\animal-sniffer-annotations-1.17.jar;C:\Users\Marvin\.m2\repository\commons-codec\commons-codec\1.14\commons-codec-1.14.jar;C:\Users\Marvin\.m2\repository\org\openmrs\module\webservices.rest-omod-common\2.50.0-SNAPSHOT\webservices.rest-omod-common-2.50.0-SNAPSHOT-tests.jar;C:\Users\Marvin\.m2\repository\org\openmrs\module\webservices.rest-omod-2.4\2.50.0-SNAPSHOT\webservices.rest-omod-2.4-2.50.0-SNAPSHOT.jar;C:\Users\Marvin\.m2\repository\com\h2database\h2\1.4.200\h2-1.4.200.jar;C:\Users\Marvin\.m2\repository\org\slf4j\slf4j-api\1.7.32\slf4j-api-1.7.32.jar;C:\Users\Marvin\.m2\repository\org\slf4j\slf4j-simple\1.7.30\slf4j-simple-1.7.30.jar;C:\Users\Marvin\.m2\repository\javax\servlet\javax.servlet-api\4.0.1\javax.servlet-api-4.0.1.jar;"/>
    <property name="sun.cpu.endian" value="little"/>
    <property name="user.home" value="C:\Users\Marvin"/>
    <property name="user.language" value="en"/>
    <property name="java.specification.vendor" value="Oracle Corporation"/>
    <property name="java.home" value="D:\Work\jdk8\jre"/>
    <property name="basedir" value="D:\Work\openmrs\openmrs-rest-representation-analyzer"/>
    <property name="file.separator" value="\"/>
    <property name="line.separator" value="&#10;"/>
    <property name="java.vm.specification.vendor" value="Oracle Corporation"/>
    <property name="java.specification.name" value="Java Platform API Specification"/>
    <property name="java.awt.graphicsenv" value="sun.awt.Win32GraphicsEnvironment"/>
    <property name="surefire.real.class.path" value="C:\Users\Marvin\AppData\Local\Temp\surefire3908149123038853483\surefirebooter-20250709152306569_3.jar"/>
    <property name="sun.boot.class.path" value="D:\Work\jdk8\jre\lib\resources.jar;D:\Work\jdk8\jre\lib\rt.jar;D:\Work\jdk8\jre\lib\sunrsasign.jar;D:\Work\jdk8\jre\lib\jsse.jar;D:\Work\jdk8\jre\lib\jce.jar;D:\Work\jdk8\jre\lib\charsets.jar;D:\Work\jdk8\jre\lib\jfr.jar;D:\Work\jdk8\jre\classes"/>
    <property name="user.script" value=""/>
    <property name="sun.management.compiler" value="HotSpot 64-Bit Tiered Compilers"/>
    <property name="java.runtime.version" value="1.8.0_432-b06"/>
    <property name="user.name" value="Marvin"/>
    <property name="path.separator" value=";"/>
    <property name="os.version" value="10.0"/>
    <property name="java.endorsed.dirs" value="D:\Work\jdk8\jre\lib\endorsed"/>
    <property name="java.runtime.name" value="OpenJDK Runtime Environment"/>
    <property name="file.encoding" value="Cp1252"/>
    <property name="OPENMRS_APPLICATION_DATA_DIRECTORY" value="C:\Users\Marvin\AppData\Local\Temp\appdir-for-unit-tests-4455845259580625665"/>
    <property name="useInMemoryDatabase" value="true"/>
    <property name="java.vm.name" value="OpenJDK 64-Bit Server VM"/>
    <property name="databaseUrl" value="jdbc:h2:mem:openmrs;DB_CLOSE_DELAY=-1"/>
    <property name="localRepository" value="C:\Users\Marvin\.m2\repository"/>
    <property name="java.vendor.url.bug" value="https://github.com/adoptium/adoptium-support/issues"/>
    <property name="java.io.tmpdir" value="C:\Users\Marvin\AppData\Local\Temp\"/>
    <property name="java.version" value="1.8.0_432"/>
    <property name="user.dir" value="D:\Work\openmrs\openmrs-rest-representation-analyzer"/>
    <property name="os.arch" value="amd64"/>
    <property name="java.vm.specification.name" value="Java Virtual Machine Specification"/>
    <property name="java.awt.printerjob" value="sun.awt.windows.WPrinterJob"/>
    <property name="sun.os.patch.level" value=""/>
    <property name="java.library.path" value="D:\Work\jdk8\jre\bin;C:\WINDOWS\Sun\Java\bin;C:\WINDOWS\system32;C:\WINDOWS;D:\Work\jdk8\bin;C:\Program Files\Common Files\Oracle\Java\javapath;C:\Program Files (x86)\Common Files\Oracle\Java\java8path;C:\Program Files (x86)\Common Files\Oracle\Java\javapath;C:\WINDOWS\system32;C:\WINDOWS;C:\WINDOWS\System32\Wbem;C:\WINDOWS\System32\WindowsPowerShell\v1.0\;C:\WINDOWS\System32\OpenSSH\;C:\Program Files\dotnet\;C:\Program Files\NVIDIA Corporation\NVIDIA app\NvDLISR;C:\Program Files (x86)\NVIDIA Corporation\PhysX\Common;C:\Program Files\Git\cmd;C:\msys64\mingw64\bin;c:\Users\Marvin\AppData\Local\Programs\cursor\resources\app\bin;C:\Program Files\MySQL\MySQL Server 8.0\bin;D:\Work\nodejs\;C:\ProgramData\chocolatey\bin;C:\Users\Marvin\AppData\Local\Android\Sdk\platform-tools;C:\Program Files\Docker\Docker\resources\bin;C:\MinGW\bin;C:\Program Files\Go\bin;C:\Python313\Scripts\;C:\msys64\mingw64\bin;C:\Python313\;C:\Program Files\MySQL\MySQL Shell 8.0\bin\;C:\Users\Marvin\AppData\Local\Programs\Python\Python313\Scripts\;C:\Users\Marvin\AppData\Local\Programs\Python\Python313\;C:\Users\Marvin\AppData\Local\Microsoft\WindowsApps;C:\Program Files\JetBrains\IntelliJ IDEA 2024.3\bin;C:\Users\Marvin\AppData\Local\JetBrains\Toolbox\scripts;C:\Users\Marvin\AppData\Local\Microsoft\WindowsApps;C:\Users\Marvin\AppData\Local\Programs\Ollama;D:\Work\apache-maven-3.9.9\bin;C:\Program Files\MySQL\MySQL Server 8.0\bin;D:\Work\jdk8\bin;C:\MinGW\bin;C:\Users\Marvin\AppData\Roaming\npm;C:\Users\Marvin\.bun\bin;D:\Work\Windsurf\bin;C:\Users\Marvin\AppData\Local\Programs\Microsoft VS Code\bin;C:\Users\Marvin\AppData\Local\GitHubDesktop\bin;C:\Users\Marvin\go\bin;;c:\Users\Marvin\AppData\Roaming\Code\User\globalStorage\github.copilot-chat\debugCommand;."/>
    <property name="java.vm.info" value="mixed mode"/>
    <property name="java.vendor" value="Temurin"/>
    <property name="java.vm.version" value="25.432-b06"/>
    <property name="java.specification.maintenance.version" value="6"/>
    <property name="java.ext.dirs" value="D:\Work\jdk8\jre\lib\ext;C:\WINDOWS\Sun\Java\lib\ext"/>
    <property name="sun.io.unicode.encoding" value="UnicodeLittle"/>
    <property name="databasePassword" value=""/>
    <property name="databaseDriver" value="org.h2.Driver"/>
    <property name="java.class.version" value="52.0"/>
  </properties>
  <testcase name="analyzeResourceRepresentations" classname="org.openmrs.plugin.rest.analyzer.test.RepresentationAnalyzerTest" time="3.363">
    <system-err><![CDATA[SLF4J: Class path contains multiple SLF4J bindings.
SLF4J: Found binding in [jar:file:/C:/Users/Marvin/.m2/repository/org/apache/logging/log4j/log4j-slf4j-impl/2.16.0/log4j-slf4j-impl-2.16.0.jar!/org/slf4j/impl/StaticLoggerBinder.class]
SLF4J: Found binding in [jar:file:/C:/Users/Marvin/.m2/repository/org/slf4j/slf4j-simple/1.7.30/slf4j-simple-1.7.30.jar!/org/slf4j/impl/StaticLoggerBinder.class]
SLF4J: See http://www.slf4j.org/codes.html#multiple_bindings for an explanation.
SLF4J: Actual binding is of type [org.apache.logging.slf4j.Log4jLoggerFactory]
]]></system-err>
  </testcase>
</testsuite>